# JRE version: Java(TM) SE Runtime Environment (8.0-b128) (build 1.8.0-b128)
# Java VM: Java HotSpot(TM) 64-Bit Server VM (25.0-b69 mixed mode windows-amd64 compressed oops)
Heap:
 PSYoungGen      total 9728K, used 1655K [0x00000000ebb80000, 0x00000000ec680000, 0x0000000100000000)
  eden space 8192K, 18% used [0x00000000ebb80000,0x00000000ebcf5fb0,0x00000000ec380000)
  from space 1536K, 10% used [0x00000000ec380000,0x00000000ec3a8000,0x00000000ec500000)
  to   space 1536K, 0% used [0x00000000ec500000,0x00000000ec500000,0x00000000ec680000)
 ParOldGen       total 61952K, used 2300K [0x00000000c3200000, 0x00000000c6e80000, 0x00000000ebb80000)
  object space 61952K, 3% used [0x00000000c3200000,0x00000000c343f188,0x00000000c6e80000)
 Metaspace       used 7445K, capacity 7544K, committed 7808K, reserved 1056768K
  class space    used 820K, capacity 844K, committed 896K, reserved 1048576K
GC Heap History (10 events):
Event: 6.011 GC heap before
{Heap before GC invocations=7 (full 0):
 PSYoungGen      total 5632K, used 5220K [0x00000000ebb80000, 0x00000000ec280000, 0x0000000100000000)
  eden space 4096K, 100% used [0x00000000ebb80000,0x00000000ebf80000,0x00000000ebf80000)
  from space 1536K, 73% used [0x00000000ec100000,0x00000000ec219150,0x00000000ec280000)
  to   space 1536K, 0% used [0x00000000ebf80000,0x00000000ebf80000,0x00000000ec100000)
 ParOldGen       total 61952K, used 1288K [0x00000000c3200000, 0x00000000c6e80000, 0x00000000ebb80000)
  object space 61952K, 2% used [0x00000000c3200000,0x00000000c3342058,0x00000000c6e80000)
 Metaspace       used 7147K, capacity 7298K, committed 7552K, reserved 1056768K
  class space    used 807K, capacity 835K, committed 896K, reserved 1048576K
Event: 6.013 GC heap after
Heap after GC invocations=7 (full 0):
 PSYoungGen      total 5632K, used 881K [0x00000000ebb80000, 0x00000000ec680000, 0x0000000100000000)
  eden space 4096K, 0% used [0x00000000ebb80000,0x00000000ebb80000,0x00000000ebf80000)
  from space 1536K, 57% used [0x00000000ebf80000,0x00000000ec05c6a8,0x00000000ec100000)
  to   space 1536K, 0% used [0x00000000ec500000,0x00000000ec500000,0x00000000ec680000)
 ParOldGen       total 61952K, used 1520K [0x00000000c3200000, 0x00000000c6e80000, 0x00000000ebb80000)
  object space 61952K, 2% used [0x00000000c3200000,0x00000000c337c088,0x00000000c6e80000)
 Metaspace       used 7147K, capacity 7298K, committed 7552K, reserved 1056768K
  class space    used 807K, capacity 835K, committed 896K, reserved 1048576K
}
Event: 13.590 GC heap before
{Heap before GC invocations=8 (full 0):
 PSYoungGen      total 5632K, used 4977K [0x00000000ebb80000, 0x00000000ec680000, 0x0000000100000000)
  eden space 4096K, 100% used [0x00000000ebb80000,0x00000000ebf80000,0x00000000ebf80000)
  from space 1536K, 57% used [0x00000000ebf80000,0x00000000ec05c6a8,0x00000000ec100000)
  to   space 1536K, 0% used [0x00000000ec500000,0x00000000ec500000,0x00000000ec680000)
 ParOldGen       total 61952K, used 1520K [0x00000000c3200000, 0x00000000c6e80000, 0x00000000ebb80000)
  object space 61952K, 2% used [0x00000000c3200000,0x00000000c337c088,0x00000000c6e80000)
 Metaspace       used 7236K, capacity 7386K, committed 7552K, reserved 1056768K
  class space    used 814K, capacity 839K, committed 896K, reserved 1048576K
Event: 13.592 GC heap after
Heap after GC invocations=8 (full 0):
 PSYoungGen      total 9728K, used 544K [0x00000000ebb80000, 0x00000000ec680000, 0x0000000100000000)
  eden space 8192K, 0% used [0x00000000ebb80000,0x00000000ebb80000,0x00000000ec380000)
  from space 1536K, 35% used [0x00000000ec500000,0x00000000ec588000,0x00000000ec680000)
  to   space 1536K, 0% used [0x00000000ec380000,0x00000000ec380000,0x00000000ec500000)
 ParOldGen       total 61952K, used 1636K [0x00000000c3200000, 0x00000000c6e80000, 0x00000000ebb80000)
  object space 61952K, 2% used [0x00000000c3200000,0x00000000c3399108,0x00000000c6e80000)
 Metaspace       used 7236K, capacity 7386K, committed 7552K, reserved 1056768K
  class space    used 814K, capacity 839K, committed 896K, reserved 1048576K
}
Event: 20.551 GC heap before
{Heap before GC invocations=9 (full 0):
 PSYoungGen      total 9728K, used 8736K [0x00000000ebb80000, 0x00000000ec680000, 0x0000000100000000)
  eden space 8192K, 100% used [0x00000000ebb80000,0x00000000ec380000,0x00000000ec380000)
  from space 1536K, 35% used [0x00000000ec500000,0x00000000ec588000,0x00000000ec680000)
  to   space 1536K, 0% used [0x00000000ec380000,0x00000000ec380000,0x00000000ec500000)
 ParOldGen       total 61952K, used 1636K [0x00000000c3200000, 0x00000000c6e80000, 0x00000000ebb80000)
  object space 61952K, 2% used [0x00000000c3200000,0x00000000c3399108,0x00000000c6e80000)
 Metaspace       used 7383K, capacity 7532K, committed 7808K, reserved 1056768K
  class space    used 816K, capacity 842K, committed 896K, reserved 1048576K
Event: 20.558 GC heap after
Heap after GC invocations=9 (full 0):
 PSYoungGen      total 9728K, used 320K [0x00000000ebb80000, 0x00000000ec680000, 0x0000000100000000)
  eden space 8192K, 0% used [0x00000000ebb80000,0x00000000ebb80000,0x00000000ec380000)
  from space 1536K, 20% used [0x00000000ec380000,0x00000000ec3d0000,0x00000000ec500000)
  to   space 1536K, 0% used [0x00000000ec500000,0x00000000ec500000,0x00000000ec680000)
 ParOldGen       total 61952K, used 1912K [0x00000000c3200000, 0x00000000c6e80000, 0x00000000ebb80000)
  object space 61952K, 3% used [0x00000000c3200000,0x00000000c33de178,0x00000000c6e80000)
 Metaspace       used 7383K, capacity 7532K, committed 7808K, reserved 1056768K
  class space    used 816K, capacity 842K, committed 896K, reserved 1048576K
}
Event: 26.131 GC heap before
{Heap before GC invocations=10 (full 0):
 PSYoungGen      total 9728K, used 8512K [0x00000000ebb80000, 0x00000000ec680000, 0x0000000100000000)
  eden space 8192K, 100% used [0x00000000ebb80000,0x00000000ec380000,0x00000000ec380000)
  from space 1536K, 20% used [0x00000000ec380000,0x00000000ec3d0000,0x00000000ec500000)
  to   space 1536K, 0% used [0x00000000ec500000,0x00000000ec500000,0x00000000ec680000)
 ParOldGen       total 61952K, used 1912K [0x00000000c3200000, 0x00000000c6e80000, 0x00000000ebb80000)
  object space 61952K, 3% used [0x00000000c3200000,0x00000000c33de178,0x00000000c6e80000)
 Metaspace       used 7402K, capacity 7532K, committed 7808K, reserved 1056768K
  class space    used 816K, capacity 842K, committed 896K, reserved 1048576K
Event: 26.132 GC heap after
Heap after GC invocations=10 (full 0):
 PSYoungGen      total 9728K, used 224K [0x00000000ebb80000, 0x00000000ec680000, 0x0000000100000000)
  eden space 8192K, 0% used [0x00000000ebb80000,0x00000000ebb80000,0x00000000ec380000)
  from space 1536K, 14% used [0x00000000ec500000,0x00000000ec538000,0x00000000ec680000)
  to   space 1536K, 0% used [0x00000000ec380000,0x00000000ec380000,0x00000000ec500000)
 ParOldGen       total 61952K, used 2124K [0x00000000c3200000, 0x00000000c6e80000, 0x00000000ebb80000)
  object space 61952K, 3% used [0x00000000c3200000,0x00000000c3413188,0x00000000c6e80000)
 Metaspace       used 7402K, capacity 7532K, committed 7808K, reserved 1056768K
  class space    used 816K, capacity 842K, committed 896K, reserved 1048576K
}
Event: 28.532 GC heap before
{Heap before GC invocations=11 (full 0):
 PSYoungGen      total 9728K, used 8416K [0x00000000ebb80000, 0x00000000ec680000, 0x0000000100000000)
  eden space 8192K, 100% used [0x00000000ebb80000,0x00000000ec380000,0x00000000ec380000)
  from space 1536K, 14% used [0x00000000ec500000,0x00000000ec538000,0x00000000ec680000)
  to   space 1536K, 0% used [0x00000000ec380000,0x00000000ec380000,0x00000000ec500000)
 ParOldGen       total 61952K, used 2124K [0x00000000c3200000, 0x00000000c6e80000, 0x00000000ebb80000)
  object space 61952K, 3% used [0x00000000c3200000,0x00000000c3413188,0x00000000c6e80000)
 Metaspace       used 7426K, capacity 7538K, committed 7808K, reserved 1056768K
  class space    used 817K, capacity 843K, committed 896K, reserved 1048576K
Event: 28.533 GC heap after
Heap after GC invocations=11 (full 0):
 PSYoungGen      total 9728K, used 160K [0x00000000ebb80000, 0x00000000ec680000, 0x0000000100000000)
  eden space 8192K, 0% used [0x00000000ebb80000,0x00000000ebb80000,0x00000000ec380000)
  from space 1536K, 10% used [0x00000000ec380000,0x00000000ec3a8000,0x00000000ec500000)
  to   space 1536K, 0% used [0x00000000ec500000,0x00000000ec500000,0x00000000ec680000)
 ParOldGen       total 61952K, used 2300K [0x00000000c3200000, 0x00000000c6e80000, 0x00000000ebb80000)
  object space 61952K, 3% used [0x00000000c3200000,0x00000000c343f188,0x00000000c6e80000)
 Metaspace       used 7426K, capacity 7538K, committed 7808K, reserved 1056768K
  class space    used 817K, capacity 843K, committed 896K, reserved 1048576K
}

